Removed Pin From Net: NetName=GND Pin=BT3-2
Removed Pin From Net: NetName=5V Pin=C1-2
Removed Pin From Net: NetName=5V Pin=C2-2
Removed Pin From Net: NetName=GND Pin=C3-1
Removed Pin From Net: NetName=GND Pin=C4-1
Removed Pin From Net: NetName=GND Pin=C?-1
Removed Pin From Net: NetName=5V Pin=D1-2
Removed Pin From Net: NetName=5V Pin=D2-2
Removed Pin From Net: NetName=5V Pin=D5-1
Removed Pin From Net: NetName=SS Pin=D6-2
Removed Pin From Net: NetName=GND Pin=J9-2
Removed Pin From Net: NetName=VDK Pin=J10-1
Removed Pin From Net: NetName=GND Pin=J10-2
Removed Pin From Net: NetName=GND Pin=LED-4
Removed Pin From Net: NetName=GND Pin=MORTOR-4
Removed Pin From Net: NetName=GND Pin=Q1-1
Removed Pin From Net: NetName=GND Pin=Q2-1
Removed Pin From Net: NetName=GND Pin=Q?-1
Removed Pin From Net: NetName=5V Pin=R1-1
Removed Pin From Net: NetName=5V Pin=R2-1
Removed Pin From Net: NetName=5V Pin=RL1-5
Removed Pin From Net: NetName=5V Pin=RL2-5
Removed Pin From Net: NetName=5V Pin=U1-4
Removed Pin From Net: NetName=5V Pin=U2-4
Removed Member From Class: ClassName=nguyenli Member=C1
Removed Member From Class: ClassName=nguyenli Member=C2
Removed Member From Class: ClassName=nguyenli Member=C3
Removed Member From Class: ClassName=nguyenli Member=C4
Removed Member From Class: ClassName=nguyenli Member=C?
Removed Member From Class: ClassName=nguyenli Member=D1
Removed Member From Class: ClassName=nguyenli Member=D2
Removed Member From Class: ClassName=nguyenli Member=D5
Removed Member From Class: ClassName=nguyenli Member=D6
Removed Member From Class: ClassName=nguyenli Member=D9
Removed Member From Class: ClassName=nguyenli Member=J9
Removed Member From Class: ClassName=nguyenli Member=J10
Removed Member From Class: ClassName=nguyenli Member=J11
Removed Member From Class: ClassName=nguyenli Member=LED1
Removed Member From Class: ClassName=nguyenli Member=LED2
Removed Member From Class: ClassName=nguyenli Member=LED
Removed Member From Class: ClassName=nguyenli Member=MORTOR
Removed Member From Class: ClassName=nguyenli Member=Q1
Removed Member From Class: ClassName=nguyenli Member=Q2
Removed Member From Class: ClassName=nguyenli Member=Q?
Removed Member From Class: ClassName=nguyenli Member=R1
Removed Member From Class: ClassName=nguyenli Member=R2
Removed Member From Class: ClassName=nguyenli Member=R3
Removed Member From Class: ClassName=nguyenli Member=R4
Removed Member From Class: ClassName=nguyenli Member=R6
Removed Member From Class: ClassName=nguyenli Member=R7
Removed Member From Class: ClassName=nguyenli Member=RL1
Removed Member From Class: ClassName=nguyenli Member=RL2
Removed Member From Class: ClassName=nguyenli Member=U1
Removed Member From Class: ClassName=nguyenli Member=U2
Removed Member From Class: ClassName=nguyenli Member=UART
