Removed Pin From Net: NetName=NetD2_1 Pin=D2-1
Removed Pin From Net: NetName=NetD2_1 Pin=U3-3
Added Component: Designator=C3(CN1)
Added Component: Designator=C4(CP1/2)
Added Component: Designator=SW1(SW6)
Added Pin To Net: NetName=NetD2_1 Pin=SW1-1
Change Net Name : Old Net Name=NetD2_1 New Net Name=PIN
Added Pin To Net: NetName=NetC3_1 Pin=C3-1
Added Pin To Net: NetName=NetC3_1 Pin=D2-1
Added Pin To Net: NetName=NetC3_1 Pin=U3-3
Added Net: Name=NetC3_1
Added Pin To Net: NetName=NetC3_2 Pin=C3-2
Added Pin To Net: NetName=NetC3_2 Pin=C4-2
Added Pin To Net: NetName=NetC3_2 Pin=U3-2
Added Pin To Net: NetName=NetC3_2 Pin=U3-2
Added Net: Name=NetC3_2
Added Pin To Net: NetName=NetC4_1 Pin=C4-1
Added Pin To Net: NetName=NetC4_1 Pin=SW1-2
Added Pin To Net: NetName=NetC4_1 Pin=U3-1
Added Net: Name=NetC4_1
Added Member To Class: ClassName=nguyenli Member=Component C3 100pF
Added Member To Class: ClassName=nguyenli Member=Component C4 10uF
Added Member To Class: ClassName=nguyenli Member=Component SW1 SW6
