Added Component: Designator=BT1(PIN3V)
Added Component: Designator=C1(CN2)
Added Component: Designator=C2(CN2)
Added Component: Designator=C3(CN2)
Added Component: Designator=C4(CN2)
Added Component: Designator=C5(CP1.5/3.4)
Added Component: Designator=C6(CP1.5/3.4)
Added Component: Designator=D1(D5A)
Added Component: Designator=D2(D5A)
Added Component: Designator=D3(D5A)
Added Component: Designator=D4(D1A)
Added Component: Designator=D5(D5A)
Added Component: Designator=D6(D5A)
Added Component: Designator=JDC(DC-IN)
Added Component: Designator=L_N1(100UH)
Added Component: Designator=LCD1(LCD16X2)
Added Component: Designator=LED1(LED-3)
Added Component: Designator=LED2(LED-3)
Added Component: Designator=LED3(LED-3)
Added Component: Designator=LED(JP2X2)
Added Component: Designator=MORTOR(JP2X2)
Added Component: Designator=P1(HDR2X25)
Added Component: Designator=P2(HDR2X25)
Added Component: Designator=Q1(QTO-92)
Added Component: Designator=Q2(QTO-92)
Added Component: Designator=R1(R1/4W)
Added Component: Designator=R2(R1/4W)
Added Component: Designator=R3(R1/4W)
Added Component: Designator=R4(R1/4W)
Added Component: Designator=R5(R1/4W)
Added Component: Designator=R6(R1/4W)
Added Component: Designator=R7(R1/4W)
Added Component: Designator=R8(R1/4W)
Added Component: Designator=RF(JP7)
Added Component: Designator=RL1(RL_SPDT_10A)
Added Component: Designator=RL2(RL_SPDT_10A)
Added Component: Designator=U1(DIP4/W0.3)
Added Component: Designator=U2(DIP4/W0.3)
Added Component: Designator=U3(LM2576t)
Added Component: Designator=U4(QTO-92)
Added Component: Designator=UART(CON2)
Added Pin To Net: NetName=3V Pin=P1-5
Added Pin To Net: NetName=3V Pin=P1-6
Added Net: Name=3V
Added Pin To Net: NetName=5V Pin=C1-2
Added Pin To Net: NetName=5V Pin=C2-2
Added Pin To Net: NetName=5V Pin=C6-1
Added Pin To Net: NetName=5V Pin=D1-2
Added Pin To Net: NetName=5V Pin=D2-2
Added Pin To Net: NetName=5V Pin=D4-2
Added Pin To Net: NetName=5V Pin=D5-1
Added Pin To Net: NetName=5V Pin=L_N1-2
Added Pin To Net: NetName=5V Pin=LCD1-2
Added Pin To Net: NetName=5V Pin=P1-3
Added Pin To Net: NetName=5V Pin=P1-4
Added Pin To Net: NetName=5V Pin=R1-1
Added Pin To Net: NetName=5V Pin=R2-1
Added Pin To Net: NetName=5V Pin=R8-2
Added Pin To Net: NetName=5V Pin=RF-1
Added Pin To Net: NetName=5V Pin=RL1-5
Added Pin To Net: NetName=5V Pin=RL2-5
Added Pin To Net: NetName=5V Pin=U1-4
Added Pin To Net: NetName=5V Pin=U2-4
Added Pin To Net: NetName=5V Pin=U3-4
Added Pin To Net: NetName=5V Pin=U4-1
Added Net: Name=5V
Added Pin To Net: NetName=D4 Pin=LCD1-11
Added Pin To Net: NetName=D4 Pin=P2-13
Added Net: Name=D4
Added Pin To Net: NetName=D5 Pin=LCD1-12
Added Pin To Net: NetName=D5 Pin=P2-11
Added Net: Name=D5
Added Pin To Net: NetName=D6 Pin=LCD1-13
Added Pin To Net: NetName=D6 Pin=P2-9
Added Net: Name=D6
Added Pin To Net: NetName=D7 Pin=LCD1-14
Added Pin To Net: NetName=D7 Pin=P2-7
Added Net: Name=D7
Added Pin To Net: NetName=EN Pin=LCD1-6
Added Net: Name=EN
Added Pin To Net: NetName=GND Pin=BT1-2
Added Pin To Net: NetName=GND Pin=C3-1
Added Pin To Net: NetName=GND Pin=C4-1
Added Pin To Net: NetName=GND Pin=C5-2
Added Pin To Net: NetName=GND Pin=C6-2
Added Pin To Net: NetName=GND Pin=D3-1
Added Pin To Net: NetName=GND Pin=JDC-2
Added Pin To Net: NetName=GND Pin=LCD1-1
Added Pin To Net: NetName=GND Pin=LCD1-5
Added Pin To Net: NetName=GND Pin=LCD1-16
Added Pin To Net: NetName=GND Pin=LED3-2
Added Pin To Net: NetName=GND Pin=LED-4
Added Pin To Net: NetName=GND Pin=MORTOR-4
Added Pin To Net: NetName=GND Pin=P1-1
Added Pin To Net: NetName=GND Pin=P1-2
Added Pin To Net: NetName=GND Pin=P2-1
Added Pin To Net: NetName=GND Pin=P2-2
Added Pin To Net: NetName=GND Pin=P2-23
Added Pin To Net: NetName=GND Pin=Q1-1
Added Pin To Net: NetName=GND Pin=Q2-1
Added Pin To Net: NetName=GND Pin=RF-3
Added Pin To Net: NetName=GND Pin=U3-3
Added Pin To Net: NetName=GND Pin=U3-5
Added Pin To Net: NetName=GND Pin=U4-3
Added Net: Name=GND
Added Pin To Net: NetName=LM35 Pin=P2-14
Added Pin To Net: NetName=LM35 Pin=U4-2
Added Net: Name=LM35
Added Pin To Net: NetName=NetBT1_1 Pin=BT1-1
Added Pin To Net: NetName=NetBT1_1 Pin=D4-1
Added Net: Name=NetBT1_1
Added Pin To Net: NetName=NetC1_1 Pin=C1-1
Added Pin To Net: NetName=NetC1_1 Pin=D1-1
Added Pin To Net: NetName=NetC1_1 Pin=Q1-2
Added Pin To Net: NetName=NetC1_1 Pin=RL1-4
Added Net: Name=NetC1_1
Added Pin To Net: NetName=NetC2_1 Pin=C2-1
Added Pin To Net: NetName=NetC2_1 Pin=D2-1
Added Pin To Net: NetName=NetC2_1 Pin=Q2-2
Added Pin To Net: NetName=NetC2_1 Pin=RL2-4
Added Net: Name=NetC2_1
Added Pin To Net: NetName=NetC3_2 Pin=C3-2
Added Pin To Net: NetName=NetC3_2 Pin=Q1-3
Added Pin To Net: NetName=NetC3_2 Pin=R3-2
Added Net: Name=NetC3_2
Added Pin To Net: NetName=NetC4_2 Pin=C4-2
Added Pin To Net: NetName=NetC4_2 Pin=Q2-3
Added Pin To Net: NetName=NetC4_2 Pin=R4-2
Added Net: Name=NetC4_2
Added Pin To Net: NetName=NetC5_1 Pin=C5-1
Added Pin To Net: NetName=NetC5_1 Pin=JDC-1
Added Pin To Net: NetName=NetC5_1 Pin=U3-1
Added Net: Name=NetC5_1
Added Pin To Net: NetName=NetD3_2 Pin=D3-2
Added Pin To Net: NetName=NetD3_2 Pin=L_N1-1
Added Pin To Net: NetName=NetD3_2 Pin=U3-2
Added Net: Name=NetD3_2
Added Pin To Net: NetName=NetD5_2 Pin=D5-2
Added Pin To Net: NetName=NetD5_2 Pin=D6-1
Added Net: Name=NetD5_2
Added Pin To Net: NetName=NetLCD1_15 Pin=LCD1-15
Added Pin To Net: NetName=NetLCD1_15 Pin=R8-1
Added Net: Name=NetLCD1_15
Added Pin To Net: NetName=NetLED1_1 Pin=LED1-1
Added Pin To Net: NetName=NetLED1_1 Pin=U1-2
Added Net: Name=NetLED1_1
Added Pin To Net: NetName=NetLED2_1 Pin=LED2-1
Added Pin To Net: NetName=NetLED2_1 Pin=U2-2
Added Net: Name=NetLED2_1
Added Pin To Net: NetName=NetLED3_1 Pin=LED3-1
Added Pin To Net: NetName=NetLED3_1 Pin=R5-1
Added Net: Name=NetLED3_1
Added Pin To Net: NetName=NetLED_1 Pin=LED-1
Added Pin To Net: NetName=NetLED_1 Pin=LED-2
Added Pin To Net: NetName=NetLED_1 Pin=R6-2
Added Net: Name=NetLED_1
Added Pin To Net: NetName=NetMORTOR_1 Pin=MORTOR-1
Added Pin To Net: NetName=NetMORTOR_1 Pin=MORTOR-2
Added Pin To Net: NetName=NetMORTOR_1 Pin=R7-2
Added Net: Name=NetMORTOR_1
Added Pin To Net: NetName=NetR1_2 Pin=R1-2
Added Pin To Net: NetName=NetR1_2 Pin=U1-1
Added Net: Name=NetR1_2
Added Pin To Net: NetName=NetR2_2 Pin=R2-2
Added Pin To Net: NetName=NetR2_2 Pin=U2-1
Added Net: Name=NetR2_2
Added Pin To Net: NetName=NetR3_1 Pin=R3-1
Added Pin To Net: NetName=NetR3_1 Pin=U1-3
Added Net: Name=NetR3_1
Added Pin To Net: NetName=NetR4_1 Pin=R4-1
Added Pin To Net: NetName=NetR4_1 Pin=U2-3
Added Net: Name=NetR4_1
Added Pin To Net: NetName=RA1 Pin=LED2-2
Added Pin To Net: NetName=RA1 Pin=P1-36
Added Net: Name=RA1
Added Pin To Net: NetName=RA2 Pin=LED1-2
Added Pin To Net: NetName=RA2 Pin=P1-22
Added Net: Name=RA2
Added Pin To Net: NetName=RA11 Pin=P2-29
Added Pin To Net: NetName=RA11 Pin=R6-1
Added Net: Name=RA11
Added Pin To Net: NetName=RA12 Pin=P2-31
Added Pin To Net: NetName=RA12 Pin=R7-1
Added Net: Name=RA12
Added Pin To Net: NetName=RF1 Pin=P1-47
Added Pin To Net: NetName=RF1 Pin=RF-4
Added Net: Name=RF1
Added Pin To Net: NetName=RF2 Pin=P1-45
Added Pin To Net: NetName=RF2 Pin=RF-5
Added Net: Name=RF2
Added Pin To Net: NetName=RF3 Pin=P1-43
Added Pin To Net: NetName=RF3 Pin=RF-6
Added Net: Name=RF3
Added Pin To Net: NetName=RF4 Pin=P1-41
Added Pin To Net: NetName=RF4 Pin=RF-7
Added Net: Name=RF4
Added Pin To Net: NetName=RS Pin=LCD1-4
Added Pin To Net: NetName=RS Pin=P2-25
Added Net: Name=RS
Added Pin To Net: NetName=RX Pin=P1-24
Added Pin To Net: NetName=RX Pin=UART-1
Added Net: Name=RX
Added Pin To Net: NetName=SS Pin=D6-2
Added Pin To Net: NetName=SS Pin=P2-16
Added Net: Name=SS
Added Pin To Net: NetName=TX Pin=P1-23
Added Pin To Net: NetName=TX Pin=UART-2
Added Net: Name=TX
Added Pin To Net: NetName=VSS Pin=LCD1-3
Added Pin To Net: NetName=VSS Pin=P2-27
Added Net: Name=VSS
Added Pin To Net: NetName=VT Pin=R5-2
Added Pin To Net: NetName=VT Pin=RF-2
Added Net: Name=VT
Added Class: Name=nguyenli
Added Room: Name=nguyenli
